# JRE version: Java(TM) SE Runtime Environment (8.0_181-b13) (build 1.8.0_181-b13)
# Java VM: Java HotSpot(TM) 64-Bit Server VM (25.181-b13 mixed mode bsd-amd64 compressed oops)
Heap:
 PSYoungGen      total 218624K, used 124621K [0x0000000795580000, 0x00000007ac480000, 0x00000007c0000000)
  eden space 195584K, 63% used [0x0000000795580000,0x000000079cf335b0,0x00000007a1480000)
  from space 23040K, 0% used [0x00000007a1480000,0x00000007a1480000,0x00000007a2b00000)
  to   space 33792K, 0% used [0x00000007aa380000,0x00000007aa380000,0x00000007ac480000)
 ParOldGen       total 122880K, used 55043K [0x0000000740000000, 0x0000000747800000, 0x0000000795580000)
  object space 122880K, 44% used [0x0000000740000000,0x00000007435c0ef8,0x0000000747800000)
 Metaspace       used 36862K, capacity 37694K, committed 37888K, reserved 1083392K
  class space    used 4299K, capacity 4549K, committed 4608K, reserved 1048576K
GC Heap History (10 events):
Event: 43.565 GC heap before
{Heap before GC invocations=9 (full 1):
 PSYoungGen      total 138240K, used 4541K [0x0000000795580000, 0x00000007a6380000, 0x00000007c0000000)
  eden space 131584K, 0% used [0x0000000795580000,0x0000000795580000,0x000000079d600000)
  from space 6656K, 68% used [0x000000079e000000,0x000000079e46f5c0,0x000000079e680000)
  to   space 10240K, 0% used [0x000000079d600000,0x000000079d600000,0x000000079e000000)
 ParOldGen       total 87552K, used 13667K [0x0000000740000000, 0x0000000745580000, 0x0000000795580000)
  object space 87552K, 15% used [0x0000000740000000,0x0000000740d58e60,0x0000000745580000)
 Metaspace       used 20561K, capacity 21186K, committed 21296K, reserved 1069056K
  class space    used 2428K, capacity 2647K, committed 2688K, reserved 1048576K
Event: 43.626 GC heap after
Heap after GC invocations=9 (full 1):
 PSYoungGen      total 138240K, used 0K [0x0000000795580000, 0x00000007a6380000, 0x00000007c0000000)
  eden space 131584K, 0% used [0x0000000795580000,0x0000000795580000,0x000000079d600000)
  from space 6656K, 0% used [0x000000079e000000,0x000000079e000000,0x000000079e680000)
  to   space 10240K, 0% used [0x000000079d600000,0x000000079d600000,0x000000079e000000)
 ParOldGen       total 54784K, used 13680K [0x0000000740000000, 0x0000000743580000, 0x0000000795580000)
  object space 54784K, 24% used [0x0000000740000000,0x0000000740d5c268,0x0000000743580000)
 Metaspace       used 20561K, capacity 21186K, committed 21296K, reserved 1069056K
  class space    used 2428K, capacity 2647K, committed 2688K, reserved 1048576K
}
Event: 45.978 GC heap before
{Heap before GC invocations=10 (full 1):
 PSYoungGen      total 138240K, used 131584K [0x0000000795580000, 0x00000007a6380000, 0x00000007c0000000)
  eden space 131584K, 100% used [0x0000000795580000,0x000000079d600000,0x000000079d600000)
  from space 6656K, 0% used [0x000000079e000000,0x000000079e000000,0x000000079e680000)
  to   space 10240K, 0% used [0x000000079d600000,0x000000079d600000,0x000000079e000000)
 ParOldGen       total 54784K, used 13680K [0x0000000740000000, 0x0000000743580000, 0x0000000795580000)
  object space 54784K, 24% used [0x0000000740000000,0x0000000740d5c268,0x0000000743580000)
 Metaspace       used 31989K, capacity 32708K, committed 33024K, reserved 1079296K
  class space    used 3755K, capacity 3996K, committed 4096K, reserved 1048576K
Event: 46.002 GC heap after
Heap after GC invocations=10 (full 1):
 PSYoungGen      total 141824K, used 10226K [0x0000000795580000, 0x00000007a3a80000, 0x00000007c0000000)
  eden space 131584K, 0% used [0x0000000795580000,0x0000000795580000,0x000000079d600000)
  from space 10240K, 99% used [0x000000079d600000,0x000000079dffc970,0x000000079e000000)
  to   space 15872K, 0% used [0x00000007a2b00000,0x00000007a2b00000,0x00000007a3a80000)
 ParOldGen       total 54784K, used 25310K [0x0000000740000000, 0x0000000743580000, 0x0000000795580000)
  object space 54784K, 46% used [0x0000000740000000,0x00000007418b7a60,0x0000000743580000)
 Metaspace       used 31989K, capacity 32708K, committed 33024K, reserved 1079296K
  class space    used 3755K, capacity 3996K, committed 4096K, reserved 1048576K
}
Event: 46.571 GC heap before
{Heap before GC invocations=11 (full 1):
 PSYoungGen      total 141824K, used 141810K [0x0000000795580000, 0x00000007a3a80000, 0x00000007c0000000)
  eden space 131584K, 100% used [0x0000000795580000,0x000000079d600000,0x000000079d600000)
  from space 10240K, 99% used [0x000000079d600000,0x000000079dffc970,0x000000079e000000)
  to   space 15872K, 0% used [0x00000007a2b00000,0x00000007a2b00000,0x00000007a3a80000)
 ParOldGen       total 54784K, used 25310K [0x0000000740000000, 0x0000000743580000, 0x0000000795580000)
  object space 54784K, 46% used [0x0000000740000000,0x00000007418b7a60,0x0000000743580000)
 Metaspace       used 32037K, capacity 32836K, committed 33024K, reserved 1079296K
  class space    used 3756K, capacity 3996K, committed 4096K, reserved 1048576K
Event: 46.608 GC heap after
Heap after GC invocations=11 (full 1):
 PSYoungGen      total 211456K, used 15850K [0x0000000795580000, 0x00000007a4c80000, 0x00000007c0000000)
  eden space 195584K, 0% used [0x0000000795580000,0x0000000795580000,0x00000007a1480000)
  from space 15872K, 99% used [0x00000007a2b00000,0x00000007a3a7aa60,0x00000007a3a80000)
  to   space 23040K, 0% used [0x00000007a1480000,0x00000007a1480000,0x00000007a2b00000)
 ParOldGen       total 54784K, used 39481K [0x0000000740000000, 0x0000000743580000, 0x0000000795580000)
  object space 54784K, 72% used [0x0000000740000000,0x000000074268e580,0x0000000743580000)
 Metaspace       used 32037K, capacity 32836K, committed 33024K, reserved 1079296K
  class space    used 3756K, capacity 3996K, committed 4096K, reserved 1048576K
}
Event: 47.600 GC heap before
{Heap before GC invocations=12 (full 1):
 PSYoungGen      total 211456K, used 211434K [0x0000000795580000, 0x00000007a4c80000, 0x00000007c0000000)
  eden space 195584K, 100% used [0x0000000795580000,0x00000007a1480000,0x00000007a1480000)
  from space 15872K, 99% used [0x00000007a2b00000,0x00000007a3a7aa60,0x00000007a3a80000)
  to   space 23040K, 0% used [0x00000007a1480000,0x00000007a1480000,0x00000007a2b00000)
 ParOldGen       total 54784K, used 39481K [0x0000000740000000, 0x0000000743580000, 0x0000000795580000)
  object space 54784K, 72% used [0x0000000740000000,0x000000074268e580,0x0000000743580000)
 Metaspace       used 32060K, capacity 32836K, committed 33024K, reserved 1079296K
  class space    used 3758K, capacity 3996K, committed 4096K, reserved 1048576K
Event: 47.645 GC heap after
Heap after GC invocations=12 (full 1):
 PSYoungGen      total 218624K, used 23027K [0x0000000795580000, 0x00000007ac480000, 0x00000007c0000000)
  eden space 195584K, 0% used [0x0000000795580000,0x0000000795580000,0x00000007a1480000)
  from space 23040K, 99% used [0x00000007a1480000,0x00000007a2afce58,0x00000007a2b00000)
  to   space 33792K, 0% used [0x00000007aa380000,0x00000007aa380000,0x00000007ac480000)
 ParOldGen       total 59392K, used 58985K [0x0000000740000000, 0x0000000743a00000, 0x0000000795580000)
  object space 59392K, 99% used [0x0000000740000000,0x000000074399a660,0x0000000743a00000)
 Metaspace       used 32060K, capacity 32836K, committed 33024K, reserved 1079296K
  class space    used 3758K, capacity 3996K, committed 4096K, reserved 1048576K
}
Event: 47.645 GC heap before
{Heap before GC invocations=13 (full 2):
 PSYoungGen      total 218624K, used 23027K [0x0000000795580000, 0x00000007ac480000, 0x00000007c0000000)
  eden space 195584K, 0% used [0x0000000795580000,0x0000000795580000,0x00000007a1480000)
  from space 23040K, 99% used [0x00000007a1480000,0x00000007a2afce58,0x00000007a2b00000)
  to   space 33792K, 0% used [0x00000007aa380000,0x00000007aa380000,0x00000007ac480000)
 ParOldGen       total 59392K, used 58985K [0x0000000740000000, 0x0000000743a00000, 0x0000000795580000)
  object space 59392K, 99% used [0x0000000740000000,0x000000074399a660,0x0000000743a00000)
 Metaspace       used 32060K, capacity 32836K, committed 33024K, reserved 1079296K
  class space    used 3758K, capacity 3996K, committed 4096K, reserved 1048576K
Event: 47.790 GC heap after
Heap after GC invocations=13 (full 2):
 PSYoungGen      total 218624K, used 0K [0x0000000795580000, 0x00000007ac480000, 0x00000007c0000000)
  eden space 195584K, 0% used [0x0000000795580000,0x0000000795580000,0x00000007a1480000)
  from space 23040K, 0% used [0x00000007a1480000,0x00000007a1480000,0x00000007a2b00000)
  to   space 33792K, 0% used [0x00000007aa380000,0x00000007aa380000,0x00000007ac480000)
 ParOldGen       total 122880K, used 55043K [0x0000000740000000, 0x0000000747800000, 0x0000000795580000)
  object space 122880K, 44% used [0x0000000740000000,0x00000007435c0ef8,0x0000000747800000)
 Metaspace       used 32060K, capacity 32836K, committed 33024K, reserved 1079296K
  class space    used 3758K, capacity 3996K, committed 4096K, reserved 1048576K
}

