# JRE version: OpenJDK Runtime Environment (11.0.3+7) (build 11.0.3+7-Ubuntu-1ubuntu218.04.1)
# Java VM: OpenJDK 64-Bit Server VM (11.0.3+7-Ubuntu-1ubuntu218.04.1, mixed mode, sharing, tiered, compressed oops, g1 gc, linux-amd64)
Heap:
 garbage-first heap   total 118784K, used 88030K [0x00000000a8a00000, 0x0000000100000000)
  region size 1024K, 60 young (61440K), 5 survivors (5120K)
 Metaspace       used 41912K, capacity 43178K, committed 43520K, reserved 1087488K
  class space    used 4653K, capacity 5063K, committed 5120K, reserved 1048576K
GC Heap History (10 events):
Event: 21.767 GC heap before
{Heap before GC invocations=14 (full 0):
 garbage-first heap   total 118784K, used 90394K [0x00000000a8a00000, 0x0000000100000000)
  region size 1024K, 69 young (70656K), 9 survivors (9216K)
 Metaspace       used 36083K, capacity 37258K, committed 37504K, reserved 1083392K
  class space    used 4074K, capacity 4461K, committed 4480K, reserved 1048576K
}
Event: 21.777 GC heap after
{Heap after GC invocations=15 (full 0):
 garbage-first heap   total 118784K, used 30827K [0x00000000a8a00000, 0x0000000100000000)
  region size 1024K, 5 young (5120K), 5 survivors (5120K)
 Metaspace       used 36083K, capacity 37258K, committed 37504K, reserved 1083392K
  class space    used 4074K, capacity 4461K, committed 4480K, reserved 1048576K
}
Event: 21.940 GC heap before
{Heap before GC invocations=15 (full 0):
 garbage-first heap   total 118784K, used 91243K [0x00000000a8a00000, 0x0000000100000000)
  region size 1024K, 64 young (65536K), 5 survivors (5120K)
 Metaspace       used 36088K, capacity 37322K, committed 37504K, reserved 1083392K
  class space    used 4074K, capacity 4461K, committed 4480K, reserved 1048576K
}
Event: 21.946 GC heap after
{Heap after GC invocations=16 (full 0):
 garbage-first heap   total 118784K, used 31786K [0x00000000a8a00000, 0x0000000100000000)
  region size 1024K, 4 young (4096K), 4 survivors (4096K)
 Metaspace       used 36088K, capacity 37322K, committed 37504K, reserved 1083392K
  class space    used 4074K, capacity 4461K, committed 4480K, reserved 1048576K
}
Event: 22.090 GC heap before
{Heap before GC invocations=16 (full 0):
 garbage-first heap   total 118784K, used 92202K [0x00000000a8a00000, 0x0000000100000000)
  region size 1024K, 63 young (64512K), 4 survivors (4096K)
 Metaspace       used 36107K, capacity 37322K, committed 37504K, reserved 1083392K
  class space    used 4076K, capacity 4461K, committed 4480K, reserved 1048576K
}
Event: 22.095 GC heap after
{Heap after GC invocations=17 (full 0):
 garbage-first heap   total 118784K, used 31803K [0x00000000a8a00000, 0x0000000100000000)
  region size 1024K, 4 young (4096K), 4 survivors (4096K)
 Metaspace       used 36107K, capacity 37322K, committed 37504K, reserved 1083392K
  class space    used 4076K, capacity 4461K, committed 4480K, reserved 1048576K
}
Event: 22.259 GC heap before
{Heap before GC invocations=17 (full 0):
 garbage-first heap   total 118784K, used 92219K [0x00000000a8a00000, 0x0000000100000000)
  region size 1024K, 63 young (64512K), 4 survivors (4096K)
 Metaspace       used 36108K, capacity 37322K, committed 37504K, reserved 1083392K
  class space    used 4076K, capacity 4461K, committed 4480K, reserved 1048576K
}
Event: 22.265 GC heap after
{Heap after GC invocations=18 (full 0):
 garbage-first heap   total 118784K, used 33213K [0x00000000a8a00000, 0x0000000100000000)
  region size 1024K, 6 young (6144K), 6 survivors (6144K)
 Metaspace       used 36108K, capacity 37322K, committed 37504K, reserved 1083392K
  class space    used 4076K, capacity 4461K, committed 4480K, reserved 1048576K
}
Event: 22.408 GC heap before
{Heap before GC invocations=18 (full 0):
 garbage-first heap   total 118784K, used 92605K [0x00000000a8a00000, 0x0000000100000000)
  region size 1024K, 64 young (65536K), 6 survivors (6144K)
 Metaspace       used 36154K, capacity 37386K, committed 37504K, reserved 1083392K
  class space    used 4080K, capacity 4461K, committed 4480K, reserved 1048576K
}
Event: 22.413 GC heap after
{Heap after GC invocations=19 (full 0):
 garbage-first heap   total 118784K, used 32734K [0x00000000a8a00000, 0x0000000100000000)
  region size 1024K, 5 young (5120K), 5 survivors (5120K)
 Metaspace       used 36154K, capacity 37386K, committed 37504K, reserved 1083392K
  class space    used 4080K, capacity 4461K, committed 4480K, reserved 1048576K
}

