# JRE version: Java(TM) SE Runtime Environment (8.0_181-b13) (build 1.8.0_181-b13)
# Java VM: Java HotSpot(TM) 64-Bit Server VM (25.181-b13 mixed mode bsd-amd64 compressed oops)
Heap:
 PSYoungGen      total 391168K, used 187716K [0x0000000795580000, 0x00000007b1200000, 0x00000007c0000000)
  eden space 367616K, 44% used [0x0000000795580000,0x000000079f5d37e0,0x00000007abc80000)
  from space 23552K, 99% used [0x00000007afb00000,0x00000007b11fd960,0x00000007b1200000)
  to   space 32768K, 0% used [0x00000007ad200000,0x00000007ad200000,0x00000007af200000)
 ParOldGen       total 120832K, used 63160K [0x0000000740000000, 0x0000000747600000, 0x0000000795580000)
  object space 120832K, 52% used [0x0000000740000000,0x0000000743dae258,0x0000000747600000)
 Metaspace       used 41602K, capacity 42454K, committed 42752K, reserved 1087488K
  class space    used 4763K, capacity 5059K, committed 5120K, reserved 1048576K
GC Heap History (10 events):
Event: 35.906 GC heap before
{Heap before GC invocations=8 (full 0):
 PSYoungGen      total 142848K, used 39964K [0x0000000795580000, 0x00000007a6d80000, 0x00000007c0000000)
  eden space 133120K, 23% used [0x0000000795580000,0x000000079746f8b8,0x000000079d780000)
  from space 9728K, 85% used [0x000000079d780000,0x000000079df97a78,0x000000079e100000)
  to   space 10240K, 0% used [0x00000007a6380000,0x00000007a6380000,0x00000007a6d80000)
 ParOldGen       total 87552K, used 11463K [0x0000000740000000, 0x0000000745580000, 0x0000000795580000)
  object space 87552K, 13% used [0x0000000740000000,0x0000000740b31f00,0x0000000745580000)
 Metaspace       used 20588K, capacity 21186K, committed 21296K, reserved 1069056K
  class space    used 2443K, capacity 2647K, committed 2688K, reserved 1048576K
Event: 35.915 GC heap after
Heap after GC invocations=8 (full 0):
 PSYoungGen      total 276480K, used 4941K [0x0000000795580000, 0x00000007a6d80000, 0x00000007c0000000)
  eden space 266240K, 0% used [0x0000000795580000,0x0000000795580000,0x00000007a5980000)
  from space 10240K, 48% used [0x00000007a6380000,0x00000007a68534d0,0x00000007a6d80000)
  to   space 10240K, 0% used [0x00000007a5980000,0x00000007a5980000,0x00000007a6380000)
 ParOldGen       total 87552K, used 13503K [0x0000000740000000, 0x0000000745580000, 0x0000000795580000)
  object space 87552K, 15% used [0x0000000740000000,0x0000000740d2ff20,0x0000000745580000)
 Metaspace       used 20588K, capacity 21186K, committed 21296K, reserved 1069056K
  class space    used 2443K, capacity 2647K, committed 2688K, reserved 1048576K
}
Event: 35.915 GC heap before
{Heap before GC invocations=9 (full 1):
 PSYoungGen      total 276480K, used 4941K [0x0000000795580000, 0x00000007a6d80000, 0x00000007c0000000)
  eden space 266240K, 0% used [0x0000000795580000,0x0000000795580000,0x00000007a5980000)
  from space 10240K, 48% used [0x00000007a6380000,0x00000007a68534d0,0x00000007a6d80000)
  to   space 10240K, 0% used [0x00000007a5980000,0x00000007a5980000,0x00000007a6380000)
 ParOldGen       total 87552K, used 13503K [0x0000000740000000, 0x0000000745580000, 0x0000000795580000)
  object space 87552K, 15% used [0x0000000740000000,0x0000000740d2ff20,0x0000000745580000)
 Metaspace       used 20588K, capacity 21186K, committed 21296K, reserved 1069056K
  class space    used 2443K, capacity 2647K, committed 2688K, reserved 1048576K
Event: 35.977 GC heap after
Heap after GC invocations=9 (full 1):
 PSYoungGen      total 276480K, used 0K [0x0000000795580000, 0x00000007a6d80000, 0x00000007c0000000)
  eden space 266240K, 0% used [0x0000000795580000,0x0000000795580000,0x00000007a5980000)
  from space 10240K, 0% used [0x00000007a6380000,0x00000007a6380000,0x00000007a6d80000)
  to   space 10240K, 0% used [0x00000007a5980000,0x00000007a5980000,0x00000007a6380000)
 ParOldGen       total 53760K, used 11909K [0x0000000740000000, 0x0000000743480000, 0x0000000795580000)
  object space 53760K, 22% used [0x0000000740000000,0x0000000740ba1678,0x0000000743480000)
 Metaspace       used 20588K, capacity 21186K, committed 21296K, reserved 1069056K
  class space    used 2443K, capacity 2647K, committed 2688K, reserved 1048576K
}
Event: 38.643 GC heap before
{Heap before GC invocations=10 (full 1):
 PSYoungGen      total 276480K, used 266240K [0x0000000795580000, 0x00000007a6d80000, 0x00000007c0000000)
  eden space 266240K, 100% used [0x0000000795580000,0x00000007a5980000,0x00000007a5980000)
  from space 10240K, 0% used [0x00000007a6380000,0x00000007a6380000,0x00000007a6d80000)
  to   space 10240K, 0% used [0x00000007a5980000,0x00000007a5980000,0x00000007a6380000)
 ParOldGen       total 53760K, used 11909K [0x0000000740000000, 0x0000000743480000, 0x0000000795580000)
  object space 53760K, 22% used [0x0000000740000000,0x0000000740ba1678,0x0000000743480000)
 Metaspace       used 32012K, capacity 32772K, committed 33024K, reserved 1079296K
  class space    used 3750K, capacity 3996K, committed 4096K, reserved 1048576K
Event: 38.689 GC heap after
Heap after GC invocations=10 (full 1):
 PSYoungGen      total 276480K, used 10234K [0x0000000795580000, 0x00000007b1200000, 0x00000007c0000000)
  eden space 266240K, 0% used [0x0000000795580000,0x0000000795580000,0x00000007a5980000)
  from space 10240K, 99% used [0x00000007a5980000,0x00000007a637e8d8,0x00000007a6380000)
  to   space 23552K, 0% used [0x00000007afb00000,0x00000007afb00000,0x00000007b1200000)
 ParOldGen       total 53760K, used 42290K [0x0000000740000000, 0x0000000743480000, 0x0000000795580000)
  object space 53760K, 78% used [0x0000000740000000,0x000000074294c970,0x0000000743480000)
 Metaspace       used 32012K, capacity 32772K, committed 33024K, reserved 1079296K
  class space    used 3750K, capacity 3996K, committed 4096K, reserved 1048576K
}
Event: 38.689 GC heap before
{Heap before GC invocations=11 (full 2):
 PSYoungGen      total 276480K, used 10234K [0x0000000795580000, 0x00000007b1200000, 0x00000007c0000000)
  eden space 266240K, 0% used [0x0000000795580000,0x0000000795580000,0x00000007a5980000)
  from space 10240K, 99% used [0x00000007a5980000,0x00000007a637e8d8,0x00000007a6380000)
  to   space 23552K, 0% used [0x00000007afb00000,0x00000007afb00000,0x00000007b1200000)
 ParOldGen       total 53760K, used 42290K [0x0000000740000000, 0x0000000743480000, 0x0000000795580000)
  object space 53760K, 78% used [0x0000000740000000,0x000000074294c970,0x0000000743480000)
 Metaspace       used 32012K, capacity 32772K, committed 33024K, reserved 1079296K
  class space    used 3750K, capacity 3996K, committed 4096K, reserved 1048576K
Event: 38.772 GC heap after
Heap after GC invocations=11 (full 2):
 PSYoungGen      total 276480K, used 0K [0x0000000795580000, 0x00000007b1200000, 0x00000007c0000000)
  eden space 266240K, 0% used [0x0000000795580000,0x0000000795580000,0x00000007a5980000)
  from space 10240K, 0% used [0x00000007a5980000,0x00000007a5980000,0x00000007a6380000)
  to   space 23552K, 0% used [0x00000007afb00000,0x00000007afb00000,0x00000007b1200000)
 ParOldGen       total 120832K, used 47501K [0x0000000740000000, 0x0000000747600000, 0x0000000795580000)
  object space 120832K, 39% used [0x0000000740000000,0x0000000742e63510,0x0000000747600000)
 Metaspace       used 32012K, capacity 32772K, committed 33024K, reserved 1079296K
  class space    used 3750K, capacity 3996K, committed 4096K, reserved 1048576K
}
Event: 39.636 GC heap before
{Heap before GC invocations=12 (full 2):
 PSYoungGen      total 276480K, used 266240K [0x0000000795580000, 0x00000007b1200000, 0x00000007c0000000)
  eden space 266240K, 100% used [0x0000000795580000,0x00000007a5980000,0x00000007a5980000)
  from space 10240K, 0% used [0x00000007a5980000,0x00000007a5980000,0x00000007a6380000)
  to   space 23552K, 0% used [0x00000007afb00000,0x00000007afb00000,0x00000007b1200000)
 ParOldGen       total 120832K, used 47501K [0x0000000740000000, 0x0000000747600000, 0x0000000795580000)
  object space 120832K, 39% used [0x0000000740000000,0x0000000742e63510,0x0000000747600000)
 Metaspace       used 32071K, capacity 32836K, committed 33024K, reserved 1079296K
  class space    used 3755K, capacity 3996K, committed 4096K, reserved 1048576K
Event: 39.704 GC heap after
Heap after GC invocations=12 (full 2):
 PSYoungGen      total 391168K, used 23542K [0x0000000795580000, 0x00000007b1200000, 0x00000007c0000000)
  eden space 367616K, 0% used [0x0000000795580000,0x0000000795580000,0x00000007abc80000)
  from space 23552K, 99% used [0x00000007afb00000,0x00000007b11fd960,0x00000007b1200000)
  to   space 32768K, 0% used [0x00000007ad200000,0x00000007ad200000,0x00000007af200000)
 ParOldGen       total 120832K, used 63160K [0x0000000740000000, 0x0000000747600000, 0x0000000795580000)
  object space 120832K, 52% used [0x0000000740000000,0x0000000743dae258,0x0000000747600000)
 Metaspace       used 32071K, capacity 32836K, committed 33024K, reserved 1079296K
  class space    used 3755K, capacity 3996K, committed 4096K, reserved 1048576K
}

