# JRE version: Java(TM) SE Runtime Environment (8.0_181-b13) (build 1.8.0_181-b13)
# Java VM: Java HotSpot(TM) 64-Bit Server VM (25.181-b13 mixed mode bsd-amd64 compressed oops)
Heap:
 PSYoungGen      total 243712K, used 231329K [0x0000000795580000, 0x00000007b4c80000, 0x00000007c0000000)
  eden space 241664K, 95% used [0x0000000795580000,0x00000007a37687b8,0x00000007a4180000)
  from space 2048K, 0% used [0x00000007a6200000,0x00000007a6200000,0x00000007a6400000)
  to   space 33280K, 0% used [0x00000007a4180000,0x00000007a4180000,0x00000007a6200000)
 ParOldGen       total 142848K, used 57366K [0x0000000740000000, 0x0000000748b80000, 0x0000000795580000)
  object space 142848K, 40% used [0x0000000740000000,0x0000000743805918,0x0000000748b80000)
 Metaspace       used 38868K, capacity 39630K, committed 39936K, reserved 1085440K
  class space    used 4535K, capacity 4823K, committed 4864K, reserved 1048576K
GC Heap History (10 events):
Event: 36.679 GC heap before
{Heap before GC invocations=6 (full 0):
 PSYoungGen      total 138240K, used 104405K [0x0000000795580000, 0x00000007a6d80000, 0x00000007c0000000)
  eden space 133120K, 74% used [0x0000000795580000,0x000000079b6795e8,0x000000079d780000)
  from space 5120K, 99% used [0x000000079d780000,0x000000079dc7c010,0x000000079dc80000)
  to   space 10240K, 0% used [0x00000007a6380000,0x00000007a6380000,0x00000007a6d80000)
 ParOldGen       total 87552K, used 11293K [0x0000000740000000, 0x0000000745580000, 0x0000000795580000)
  object space 87552K, 12% used [0x0000000740000000,0x0000000740b077a8,0x0000000745580000)
 Metaspace       used 20621K, capacity 21186K, committed 21296K, reserved 1069056K
  class space    used 2443K, capacity 2647K, committed 2688K, reserved 1048576K
Event: 36.695 GC heap after
Heap after GC invocations=6 (full 0):
 PSYoungGen      total 138240K, used 10215K [0x0000000795580000, 0x00000007a6d80000, 0x00000007c0000000)
  eden space 128000K, 0% used [0x0000000795580000,0x0000000795580000,0x000000079d280000)
  from space 10240K, 99% used [0x00000007a6380000,0x00000007a6d79f80,0x00000007a6d80000)
  to   space 11776K, 0% used [0x00000007a5680000,0x00000007a5680000,0x00000007a6200000)
 ParOldGen       total 87552K, used 11665K [0x0000000740000000, 0x0000000745580000, 0x0000000795580000)
  object space 87552K, 13% used [0x0000000740000000,0x0000000740b645c0,0x0000000745580000)
 Metaspace       used 20621K, capacity 21186K, committed 21296K, reserved 1069056K
  class space    used 2443K, capacity 2647K, committed 2688K, reserved 1048576K
}
Event: 36.695 GC heap before
{Heap before GC invocations=7 (full 1):
 PSYoungGen      total 138240K, used 10215K [0x0000000795580000, 0x00000007a6d80000, 0x00000007c0000000)
  eden space 128000K, 0% used [0x0000000795580000,0x0000000795580000,0x000000079d280000)
  from space 10240K, 99% used [0x00000007a6380000,0x00000007a6d79f80,0x00000007a6d80000)
  to   space 11776K, 0% used [0x00000007a5680000,0x00000007a5680000,0x00000007a6200000)
 ParOldGen       total 87552K, used 11665K [0x0000000740000000, 0x0000000745580000, 0x0000000795580000)
  object space 87552K, 13% used [0x0000000740000000,0x0000000740b645c0,0x0000000745580000)
 Metaspace       used 20621K, capacity 21186K, committed 21296K, reserved 1069056K
  class space    used 2443K, capacity 2647K, committed 2688K, reserved 1048576K
Event: 36.769 GC heap after
Heap after GC invocations=7 (full 1):
 PSYoungGen      total 138240K, used 0K [0x0000000795580000, 0x00000007a6d80000, 0x00000007c0000000)
  eden space 128000K, 0% used [0x0000000795580000,0x0000000795580000,0x000000079d280000)
  from space 10240K, 0% used [0x00000007a6380000,0x00000007a6380000,0x00000007a6d80000)
  to   space 11776K, 0% used [0x00000007a5680000,0x00000007a5680000,0x00000007a6200000)
 ParOldGen       total 58368K, used 13727K [0x0000000740000000, 0x0000000743900000, 0x0000000795580000)
  object space 58368K, 23% used [0x0000000740000000,0x0000000740d67fc8,0x0000000743900000)
 Metaspace       used 20621K, capacity 21186K, committed 21296K, reserved 1069056K
  class space    used 2443K, capacity 2647K, committed 2688K, reserved 1048576K
}
Event: 39.051 GC heap before
{Heap before GC invocations=8 (full 1):
 PSYoungGen      total 138240K, used 128000K [0x0000000795580000, 0x00000007a6d80000, 0x00000007c0000000)
  eden space 128000K, 100% used [0x0000000795580000,0x000000079d280000,0x000000079d280000)
  from space 10240K, 0% used [0x00000007a6380000,0x00000007a6380000,0x00000007a6d80000)
  to   space 11776K, 0% used [0x00000007a5680000,0x00000007a5680000,0x00000007a6200000)
 ParOldGen       total 58368K, used 13727K [0x0000000740000000, 0x0000000743900000, 0x0000000795580000)
  object space 58368K, 23% used [0x0000000740000000,0x0000000740d67fc8,0x0000000743900000)
 Metaspace       used 32025K, capacity 32644K, committed 32768K, reserved 1077248K
  class space    used 3753K, capacity 3996K, committed 4096K, reserved 1048576K
Event: 39.074 GC heap after
Heap after GC invocations=8 (full 1):
 PSYoungGen      total 246272K, used 11755K [0x0000000795580000, 0x00000007a6400000, 0x00000007c0000000)
  eden space 234496K, 0% used [0x0000000795580000,0x0000000795580000,0x00000007a3a80000)
  from space 11776K, 99% used [0x00000007a5680000,0x00000007a61face0,0x00000007a6200000)
  to   space 2048K, 0% used [0x00000007a6200000,0x00000007a6200000,0x00000007a6400000)
 ParOldGen       total 58368K, used 22683K [0x0000000740000000, 0x0000000743900000, 0x0000000795580000)
  object space 58368K, 38% used [0x0000000740000000,0x0000000741626f30,0x0000000743900000)
 Metaspace       used 32025K, capacity 32644K, committed 32768K, reserved 1077248K
  class space    used 3753K, capacity 3996K, committed 4096K, reserved 1048576K
}
Event: 40.007 GC heap before
{Heap before GC invocations=9 (full 1):
 PSYoungGen      total 246272K, used 246251K [0x0000000795580000, 0x00000007a6400000, 0x00000007c0000000)
  eden space 234496K, 100% used [0x0000000795580000,0x00000007a3a80000,0x00000007a3a80000)
  from space 11776K, 99% used [0x00000007a5680000,0x00000007a61face0,0x00000007a6200000)
  to   space 2048K, 0% used [0x00000007a6200000,0x00000007a6200000,0x00000007a6400000)
 ParOldGen       total 58368K, used 22683K [0x0000000740000000, 0x0000000743900000, 0x0000000795580000)
  object space 58368K, 38% used [0x0000000740000000,0x0000000741626f30,0x0000000743900000)
 Metaspace       used 32100K, capacity 32772K, committed 33024K, reserved 1079296K
  class space    used 3755K, capacity 3996K, committed 4096K, reserved 1048576K
Event: 40.061 GC heap after
Heap after GC invocations=9 (full 1):
 PSYoungGen      total 243712K, used 2043K [0x0000000795580000, 0x00000007b4c80000, 0x00000007c0000000)
  eden space 241664K, 0% used [0x0000000795580000,0x0000000795580000,0x00000007a4180000)
  from space 2048K, 99% used [0x00000007a6200000,0x00000007a63fec00,0x00000007a6400000)
  to   space 33280K, 0% used [0x00000007a4180000,0x00000007a4180000,0x00000007a6200000)
 ParOldGen       total 69120K, used 68176K [0x0000000740000000, 0x0000000744380000, 0x0000000795580000)
  object space 69120K, 98% used [0x0000000740000000,0x00000007442943d0,0x0000000744380000)
 Metaspace       used 32100K, capacity 32772K, committed 33024K, reserved 1079296K
  class space    used 3755K, capacity 3996K, committed 4096K, reserved 1048576K
}
Event: 40.061 GC heap before
{Heap before GC invocations=10 (full 2):
 PSYoungGen      total 243712K, used 2043K [0x0000000795580000, 0x00000007b4c80000, 0x00000007c0000000)
  eden space 241664K, 0% used [0x0000000795580000,0x0000000795580000,0x00000007a4180000)
  from space 2048K, 99% used [0x00000007a6200000,0x00000007a63fec00,0x00000007a6400000)
  to   space 33280K, 0% used [0x00000007a4180000,0x00000007a4180000,0x00000007a6200000)
 ParOldGen       total 69120K, used 68176K [0x0000000740000000, 0x0000000744380000, 0x0000000795580000)
  object space 69120K, 98% used [0x0000000740000000,0x00000007442943d0,0x0000000744380000)
 Metaspace       used 32100K, capacity 32772K, committed 33024K, reserved 1079296K
  class space    used 3755K, capacity 3996K, committed 4096K, reserved 1048576K
Event: 40.195 GC heap after
Heap after GC invocations=10 (full 2):
 PSYoungGen      total 243712K, used 0K [0x0000000795580000, 0x00000007b4c80000, 0x00000007c0000000)
  eden space 241664K, 0% used [0x0000000795580000,0x0000000795580000,0x00000007a4180000)
  from space 2048K, 0% used [0x00000007a6200000,0x00000007a6200000,0x00000007a6400000)
  to   space 33280K, 0% used [0x00000007a4180000,0x00000007a4180000,0x00000007a6200000)
 ParOldGen       total 142848K, used 57366K [0x0000000740000000, 0x0000000748b80000, 0x0000000795580000)
  object space 142848K, 40% used [0x0000000740000000,0x0000000743805918,0x0000000748b80000)
 Metaspace       used 32100K, capacity 32772K, committed 33024K, reserved 1079296K
  class space    used 3755K, capacity 3996K, committed 4096K, reserved 1048576K
}

