# JRE version: Java(TM) SE Runtime Environment (8.0_181-b13) (build 1.8.0_181-b13)
# Java VM: Java HotSpot(TM) 64-Bit Server VM (25.181-b13 mixed mode bsd-amd64 compressed oops)
Heap:
 PSYoungGen      total 275968K, used 115434K [0x0000000795580000, 0x00000007ad100000, 0x00000007c0000000)
  eden space 243200K, 34% used [0x0000000795580000,0x000000079a642198,0x00000007a4300000)
  from space 32768K, 99% used [0x00000007a4300000,0x00000007a62f88f0,0x00000007a6300000)
  to   space 39936K, 0% used [0x00000007aaa00000,0x00000007aaa00000,0x00000007ad100000)
 ParOldGen       total 142336K, used 60747K [0x0000000740000000, 0x0000000748b00000, 0x0000000795580000)
  object space 142336K, 42% used [0x0000000740000000,0x0000000743b52ce0,0x0000000748b00000)
 Metaspace       used 41558K, capacity 42416K, committed 42752K, reserved 1087488K
  class space    used 4759K, capacity 5026K, committed 5120K, reserved 1048576K
GC Heap History (10 events):
Event: 31.527 GC heap before
{Heap before GC invocations=7 (full 1):
 PSYoungGen      total 138752K, used 10618K [0x0000000795580000, 0x00000007a6e80000, 0x00000007c0000000)
  eden space 128000K, 0% used [0x0000000795580000,0x0000000795580000,0x000000079d280000)
  from space 10752K, 98% used [0x00000007a6400000,0x00000007a6e5eae8,0x00000007a6e80000)
  to   space 11776K, 0% used [0x00000007a5780000,0x00000007a5780000,0x00000007a6300000)
 ParOldGen       total 87552K, used 11650K [0x0000000740000000, 0x0000000745580000, 0x0000000795580000)
  object space 87552K, 13% used [0x0000000740000000,0x0000000740b60810,0x0000000745580000)
 Metaspace       used 20653K, capacity 21186K, committed 21296K, reserved 1069056K
  class space    used 2443K, capacity 2647K, committed 2688K, reserved 1048576K
Event: 31.596 GC heap after
Heap after GC invocations=7 (full 1):
 PSYoungGen      total 138752K, used 0K [0x0000000795580000, 0x00000007a6e80000, 0x00000007c0000000)
  eden space 128000K, 0% used [0x0000000795580000,0x0000000795580000,0x000000079d280000)
  from space 10752K, 0% used [0x00000007a6400000,0x00000007a6400000,0x00000007a6e80000)
  to   space 11776K, 0% used [0x00000007a5780000,0x00000007a5780000,0x00000007a6300000)
 ParOldGen       total 59392K, used 13694K [0x0000000740000000, 0x0000000743a00000, 0x0000000795580000)
  object space 59392K, 23% used [0x0000000740000000,0x0000000740d5f9e0,0x0000000743a00000)
 Metaspace       used 20653K, capacity 21186K, committed 21296K, reserved 1069056K
  class space    used 2443K, capacity 2647K, committed 2688K, reserved 1048576K
}
Event: 33.517 GC heap before
{Heap before GC invocations=8 (full 1):
 PSYoungGen      total 138752K, used 128000K [0x0000000795580000, 0x00000007a6e80000, 0x00000007c0000000)
  eden space 128000K, 100% used [0x0000000795580000,0x000000079d280000,0x000000079d280000)
  from space 10752K, 0% used [0x00000007a6400000,0x00000007a6400000,0x00000007a6e80000)
  to   space 11776K, 0% used [0x00000007a5780000,0x00000007a5780000,0x00000007a6300000)
 ParOldGen       total 59392K, used 13694K [0x0000000740000000, 0x0000000743a00000, 0x0000000795580000)
  object space 59392K, 23% used [0x0000000740000000,0x0000000740d5f9e0,0x0000000743a00000)
 Metaspace       used 31945K, capacity 32644K, committed 32768K, reserved 1077248K
  class space    used 3752K, capacity 3996K, committed 4096K, reserved 1048576K
Event: 33.545 GC heap after
Heap after GC invocations=8 (full 1):
 PSYoungGen      total 245760K, used 11771K [0x0000000795580000, 0x00000007a6480000, 0x00000007c0000000)
  eden space 233984K, 0% used [0x0000000795580000,0x0000000795580000,0x00000007a3a00000)
  from space 11776K, 99% used [0x00000007a5780000,0x00000007a62fef38,0x00000007a6300000)
  to   space 1536K, 0% used [0x00000007a6300000,0x00000007a6300000,0x00000007a6480000)
 ParOldGen       total 59392K, used 22630K [0x0000000740000000, 0x0000000743a00000, 0x0000000795580000)
  object space 59392K, 38% used [0x0000000740000000,0x0000000741619810,0x0000000743a00000)
 Metaspace       used 31945K, capacity 32644K, committed 32768K, reserved 1077248K
  class space    used 3752K, capacity 3996K, committed 4096K, reserved 1048576K
}
Event: 34.586 GC heap before
{Heap before GC invocations=9 (full 1):
 PSYoungGen      total 245760K, used 245755K [0x0000000795580000, 0x00000007a6480000, 0x00000007c0000000)
  eden space 233984K, 100% used [0x0000000795580000,0x00000007a3a00000,0x00000007a3a00000)
  from space 11776K, 99% used [0x00000007a5780000,0x00000007a62fef38,0x00000007a6300000)
  to   space 1536K, 0% used [0x00000007a6300000,0x00000007a6300000,0x00000007a6480000)
 ParOldGen       total 59392K, used 22630K [0x0000000740000000, 0x0000000743a00000, 0x0000000795580000)
  object space 59392K, 38% used [0x0000000740000000,0x0000000741619810,0x0000000743a00000)
 Metaspace       used 32051K, capacity 32772K, committed 33024K, reserved 1079296K
  class space    used 3755K, capacity 3996K, committed 4096K, reserved 1048576K
Event: 34.630 GC heap after
Heap after GC invocations=9 (full 1):
 PSYoungGen      total 244736K, used 1520K [0x0000000795580000, 0x00000007b4580000, 0x00000007c0000000)
  eden space 243200K, 0% used [0x0000000795580000,0x0000000795580000,0x00000007a4300000)
  from space 1536K, 98% used [0x00000007a6300000,0x00000007a647c040,0x00000007a6480000)
  to   space 32768K, 0% used [0x00000007a4300000,0x00000007a4300000,0x00000007a6300000)
 ParOldGen       total 67072K, used 66868K [0x0000000740000000, 0x0000000744180000, 0x0000000795580000)
  object space 67072K, 99% used [0x0000000740000000,0x000000074414d200,0x0000000744180000)
 Metaspace       used 32051K, capacity 32772K, committed 33024K, reserved 1079296K
  class space    used 3755K, capacity 3996K, committed 4096K, reserved 1048576K
}
Event: 34.630 GC heap before
{Heap before GC invocations=10 (full 2):
 PSYoungGen      total 244736K, used 1520K [0x0000000795580000, 0x00000007b4580000, 0x00000007c0000000)
  eden space 243200K, 0% used [0x0000000795580000,0x0000000795580000,0x00000007a4300000)
  from space 1536K, 98% used [0x00000007a6300000,0x00000007a647c040,0x00000007a6480000)
  to   space 32768K, 0% used [0x00000007a4300000,0x00000007a4300000,0x00000007a6300000)
 ParOldGen       total 67072K, used 66868K [0x0000000740000000, 0x0000000744180000, 0x0000000795580000)
  object space 67072K, 99% used [0x0000000740000000,0x000000074414d200,0x0000000744180000)
 Metaspace       used 32051K, capacity 32772K, committed 33024K, reserved 1079296K
  class space    used 3755K, capacity 3996K, committed 4096K, reserved 1048576K
Event: 34.731 GC heap after
Heap after GC invocations=10 (full 2):
 PSYoungGen      total 244736K, used 0K [0x0000000795580000, 0x00000007b4580000, 0x00000007c0000000)
  eden space 243200K, 0% used [0x0000000795580000,0x0000000795580000,0x00000007a4300000)
  from space 1536K, 0% used [0x00000007a6300000,0x00000007a6300000,0x00000007a6480000)
  to   space 32768K, 0% used [0x00000007a4300000,0x00000007a4300000,0x00000007a6300000)
 ParOldGen       total 142336K, used 56202K [0x0000000740000000, 0x0000000748b00000, 0x0000000795580000)
  object space 142336K, 39% used [0x0000000740000000,0x00000007436e28f0,0x0000000748b00000)
 Metaspace       used 32051K, capacity 32772K, committed 33024K, reserved 1079296K
  class space    used 3755K, capacity 3996K, committed 4096K, reserved 1048576K
}
Event: 46.177 GC heap before
{Heap before GC invocations=11 (full 2):
 PSYoungGen      total 244736K, used 243200K [0x0000000795580000, 0x00000007b4580000, 0x00000007c0000000)
  eden space 243200K, 100% used [0x0000000795580000,0x00000007a4300000,0x00000007a4300000)
  from space 1536K, 0% used [0x00000007a6300000,0x00000007a6300000,0x00000007a6480000)
  to   space 32768K, 0% used [0x00000007a4300000,0x00000007a4300000,0x00000007a6300000)
 ParOldGen       total 142336K, used 56202K [0x0000000740000000, 0x0000000748b00000, 0x0000000795580000)
  object space 142336K, 39% used [0x0000000740000000,0x00000007436e28f0,0x0000000748b00000)
 Metaspace       used 39467K, capacity 40334K, committed 40448K, reserved 1085440K
  class space    used 4536K, capacity 4823K, committed 4864K, reserved 1048576K
Event: 46.202 GC heap after
Heap after GC invocations=11 (full 2):
 PSYoungGen      total 275968K, used 32738K [0x0000000795580000, 0x00000007ad100000, 0x00000007c0000000)
  eden space 243200K, 0% used [0x0000000795580000,0x0000000795580000,0x00000007a4300000)
  from space 32768K, 99% used [0x00000007a4300000,0x00000007a62f88f0,0x00000007a6300000)
  to   space 39936K, 0% used [0x00000007aaa00000,0x00000007aaa00000,0x00000007ad100000)
 ParOldGen       total 142336K, used 60747K [0x0000000740000000, 0x0000000748b00000, 0x0000000795580000)
  object space 142336K, 42% used [0x0000000740000000,0x0000000743b52ce0,0x0000000748b00000)
 Metaspace       used 39467K, capacity 40334K, committed 40448K, reserved 1085440K
  class space    used 4536K, capacity 4823K, committed 4864K, reserved 1048576K
}

